<?xml version="1.0" encoding="UTF-8"?>
<testsuite xmlns:xsi="http://www.w3.org/2001/XMLSchema-instance" xsi:noNamespaceSchemaLocation="https://maven.apache.org/surefire/maven-surefire-plugin/xsd/surefire-test-report.xsd" name="MavenTest.mavenartifact.AppTest" time="0.008" tests="1" errors="0" skipped="0" failures="0">
  <properties>
    <property name="sun.desktop" value="windows"/>
    <property name="awt.toolkit" value="sun.awt.windows.WToolkit"/>
    <property name="file.encoding.pkg" value="sun.io"/>
    <property name="java.specification.version" value="1.8"/>
    <property name="sun.cpu.isalist" value=""/>
    <property name="sun.jnu.encoding" value="Cp1252"/>
    <property name="java.class.path" value="D:\SeleniumOxygen\mavenartifact\target\test-classes;D:\SeleniumOxygen\mavenartifact\target\classes;C:\Users\Jothi-Laptop\.m2\repository\junit\junit\3.8.1\junit-3.8.1.jar;"/>
    <property name="java.vm.vendor" value="Oracle Corporation"/>
    <property name="sun.arch.data.model" value="32"/>
    <property name="user.variant" value=""/>
    <property name="java.vendor.url" value="http://java.oracle.com/"/>
    <property name="user.timezone" value="Asia/Calcutta"/>
    <property name="java.vm.specification.version" value="1.8"/>
    <property name="os.name" value="Windows 8"/>
    <property name="user.country" value="US"/>
    <property name="sun.java.launcher" value="SUN_STANDARD"/>
    <property name="sun.boot.library.path" value="C:\Program Files\Java\jre8\bin"/>
    <property name="sun.java.command" value="C:\Users\JOTHI-~1\AppData\Local\Temp\surefire2335377229318868092\surefirebooter7539398534220997943.jar C:\Users\Jothi-Laptop\AppData\Local\Temp\surefire2335377229318868092 2020-07-02T01-25-41_710-jvmRun1 surefire3806600056781935546tmp surefire_02790334212563947616tmp"/>
    <property name="surefire.test.class.path" value="D:\SeleniumOxygen\mavenartifact\target\test-classes;D:\SeleniumOxygen\mavenartifact\target\classes;C:\Users\Jothi-Laptop\.m2\repository\junit\junit\3.8.1\junit-3.8.1.jar;"/>
    <property name="sun.cpu.endian" value="little"/>
    <property name="user.home" value="C:\Users\Jothi-Laptop"/>
    <property name="user.language" value="en"/>
    <property name="java.specification.vendor" value="Oracle Corporation"/>
    <property name="java.home" value="C:\Program Files\Java\jre8"/>
    <property name="basedir" value="D:\SeleniumOxygen\mavenartifact"/>
    <property name="file.separator" value="\"/>
    <property name="line.separator" value="&#10;"/>
    <property name="java.vm.specification.vendor" value="Oracle Corporation"/>
    <property name="java.specification.name" value="Java Platform API Specification"/>
    <property name="java.awt.graphicsenv" value="sun.awt.Win32GraphicsEnvironment"/>
    <property name="surefire.real.class.path" value="C:\Users\JOTHI-~1\AppData\Local\Temp\surefire2335377229318868092\surefirebooter7539398534220997943.jar"/>
    <property name="sun.boot.class.path" value="C:\Program Files\Java\jre8\lib\resources.jar;C:\Program Files\Java\jre8\lib\rt.jar;C:\Program Files\Java\jre8\lib\sunrsasign.jar;C:\Program Files\Java\jre8\lib\jsse.jar;C:\Program Files\Java\jre8\lib\jce.jar;C:\Program Files\Java\jre8\lib\charsets.jar;C:\Program Files\Java\jre8\lib\jfr.jar;C:\Program Files\Java\jre8\classes"/>
    <property name="user.script" value=""/>
    <property name="sun.management.compiler" value="HotSpot Client Compiler"/>
    <property name="java.runtime.version" value="1.8.0-b132"/>
    <property name="user.name" value="Jothi-Laptop"/>
    <property name="path.separator" value=";"/>
    <property name="os.version" value="6.2"/>
    <property name="java.endorsed.dirs" value="C:\Program Files\Java\jre8\lib\endorsed"/>
    <property name="java.runtime.name" value="Java(TM) SE Runtime Environment"/>
    <property name="file.encoding" value="Cp1252"/>
    <property name="java.vm.name" value="Java HotSpot(TM) Client VM"/>
    <property name="localRepository" value="C:\Users\Jothi-Laptop\.m2\repository"/>
    <property name="java.vendor.url.bug" value="http://bugreport.sun.com/bugreport/"/>
    <property name="java.io.tmpdir" value="C:\Users\JOTHI-~1\AppData\Local\Temp\"/>
    <property name="java.version" value="1.8.0"/>
    <property name="user.dir" value="D:\SeleniumOxygen\mavenartifact"/>
    <property name="os.arch" value="x86"/>
    <property name="java.vm.specification.name" value="Java Virtual Machine Specification"/>
    <property name="java.awt.printerjob" value="sun.awt.windows.WPrinterJob"/>
    <property name="sun.os.patch.level" value=""/>
    <property name="java.library.path" value="C:\Program Files\Java\jre8\bin;C:\Windows\Sun\Java\bin;C:\Windows\system32;C:\Windows;C:/Program Files/Java/jdk1.8.0/bin/../jre/bin/client;C:/Program Files/Java/jdk1.8.0/bin/../jre/bin;C:/Program Files/Java/jdk1.8.0/bin/../jre/lib/i386;C:\Program Files\Apache Software Foundation\apache-maven-3.6.3\bin;C:\Program Files\Java\jdk1.8.0\bin;;C:\Users\Jothi-Laptop\Downloads\eclipse;;."/>
    <property name="java.vm.info" value="mixed mode, sharing"/>
    <property name="java.vendor" value="Oracle Corporation"/>
    <property name="java.vm.version" value="25.0-b70"/>
    <property name="java.ext.dirs" value="C:\Program Files\Java\jre8\lib\ext;C:\Windows\Sun\Java\lib\ext"/>
    <property name="sun.io.unicode.encoding" value="UnicodeLittle"/>
    <property name="java.class.version" value="52.0"/>
  </properties>
  <testcase name="testApp" classname="MavenTest.mavenartifact.AppTest" time="0.002"/>
</testsuite>